_H:	|epoch	sum_sum_se	
_D:	0	1.08621		
_D:	1	1.08112		
_D:	2	1.07808		
_D:	3	1.07626		
_D:	4	1.07516		
_D:	5	1.07448		
_D:	6	1.07404		
_D:	7	1.07374		
_D:	8	1.07352		
_D:	9	1.07335		
_D:	10	1.07321		
_D:	11	1.07308		
_D:	12	1.07297		
_D:	13	1.07286		
_D:	14	1.07276		
_D:	15	1.07266		
_D:	16	1.07256		
_D:	17	1.07246		
_D:	18	1.07236		
_D:	19	1.07226		
_D:	20	1.07217		
_D:	21	1.07207		
_D:	22	1.07198		
_D:	23	1.07188		
_D:	24	1.07179		
_D:	25	1.07169		
_D:	26	1.0716		
_D:	27	1.07151		
_D:	28	1.07142		
_D:	29	1.07133		
_D:	30	1.07124		
_D:	31	1.07115		
_D:	32	1.07106		
_D:	33	1.07097		
_D:	34	1.07088		
_D:	35	1.07079		
_D:	36	1.0707		
_D:	37	1.07061		
_D:	38	1.07053		
_D:	39	1.07044		
_D:	40	1.07036		
_D:	41	1.07027		
_D:	42	1.07018		
_D:	43	1.0701		
_D:	44	1.07002		
_D:	45	1.06993		
_D:	46	1.06985		
_D:	47	1.06977		
_D:	48	1.06969		
_D:	49	1.0696		
_D:	50	1.06952		
_D:	51	1.06944		
_D:	52	1.06936		
_D:	53	1.06928		
_D:	54	1.0692		
_D:	55	1.06912		
_D:	56	1.06905		
_D:	57	1.06897		
_D:	58	1.06889		
_D:	59	1.06881		
_D:	60	1.06874		
_D:	61	1.06866		
_D:	62	1.06858		
_D:	63	1.06851		
_D:	64	1.06843		
_D:	65	1.06836		
_D:	66	1.06828		
_D:	67	1.06821		
_D:	68	1.06814		
_D:	69	1.06806		
_D:	70	1.06799		
_D:	71	1.06792		
_D:	72	1.06785		
_D:	73	1.06778		
_D:	74	1.0677		
_D:	75	1.06763		
_D:	76	1.06756		
_D:	77	1.06749		
_D:	78	1.06742		
_D:	79	1.06736		
_D:	80	1.06729		
_D:	81	1.06722		
_D:	82	1.06715		
_D:	83	1.06708		
_D:	84	1.06702		
_D:	85	1.06695		
_D:	86	1.06688		
_D:	87	1.06682		
_D:	88	1.06675		
_D:	89	1.06669		
_D:	90	1.06662		
_D:	91	1.06656		
_D:	92	1.06649		
_D:	93	1.06643		
_D:	94	1.06637		
_D:	95	1.0663		
_D:	96	1.06624		
_D:	97	1.06618		
_D:	98	1.06611		
_D:	99	1.06605		
_D:	100	1.06599		
_D:	101	1.06593		
_D:	102	1.06587		
_D:	103	1.06581		
_D:	104	1.06575		
_D:	105	1.06569		
_D:	106	1.06563		
_D:	107	1.06557		
_D:	108	1.06551		
_D:	109	1.06545		
_D:	110	1.0654		
_D:	111	1.06534		
_D:	112	1.06528		
_D:	113	1.06522		
_D:	114	1.06517		
_D:	115	1.06511		
_D:	116	1.06505		
_D:	117	1.065		
_D:	118	1.06494		
_D:	119	1.06489		
_D:	120	1.06483		
_D:	121	1.06478		
_D:	122	1.06472		
_D:	123	1.06467		
_D:	124	1.06461		
_D:	125	1.06456		
_D:	126	1.06451		
_D:	127	1.06445		
_D:	128	1.0644		
_D:	129	1.06435		
_D:	130	1.0643		
_D:	131	1.06424		
_D:	132	1.06419		
_D:	133	1.06414		
_D:	134	1.06409		
_D:	135	1.06404		
_D:	136	1.06399		
_D:	137	1.06394		
_D:	138	1.06389		
_D:	139	1.06384		
_D:	140	1.06379		
_D:	141	1.06374		
_D:	142	1.06369		
_D:	143	1.06364		
_D:	144	1.06359		
_D:	145	1.06354		
_D:	146	1.0635		
_D:	147	1.06345		
_D:	148	1.0634		
_D:	149	1.06335		
_D:	150	1.06331		
_D:	151	1.06326		
_D:	152	1.06321		
_D:	153	1.06317		
_D:	154	1.06312		
_D:	155	1.06308		
_D:	156	1.06303		
_D:	157	1.06298		
_D:	158	1.06294		
_D:	159	1.06289		
_D:	160	1.06285		
_D:	161	1.06281		
_D:	162	1.06276		
_D:	163	1.06272		
_D:	164	1.06267		
_D:	165	1.06263		
_D:	166	1.06259		
_D:	167	1.06254		
_D:	168	1.0625		
_D:	169	1.06246		
_D:	170	1.06242		
_D:	171	1.06237		
_D:	172	1.06233		
_D:	173	1.06229		
_D:	174	1.06225		
_D:	175	1.06221		
_D:	176	1.06216		
_D:	177	1.06212		
_D:	178	1.06208		
_D:	179	1.06204		
_D:	180	1.062		
_D:	181	1.06196		
_D:	182	1.06192		
_D:	183	1.06188		
_D:	184	1.06184		
_D:	185	1.0618		
_D:	186	1.06176		
_D:	187	1.06172		
_D:	188	1.06168		
_D:	189	1.06164		
_D:	190	1.0616		
_D:	191	1.06157		
_D:	192	1.06153		
_D:	193	1.06149		
_D:	194	1.06145		
_D:	195	1.06141		
_D:	196	1.06138		
_D:	197	1.06134		
_D:	198	1.0613		
_D:	199	1.06126		
_D:	200	1.06123		
_D:	201	1.06119		
_D:	202	1.06115		
_D:	203	1.06112		
_D:	204	1.06108		
_D:	205	1.06104		
_D:	206	1.06101		
_D:	207	1.06097		
_D:	208	1.06093		
_D:	209	1.0609		
_D:	210	1.06086		
_D:	211	1.06083		
_D:	212	1.06079		
_D:	213	1.06076		
_D:	214	1.06072		
_D:	215	1.06069		
_D:	216	1.06065		
_D:	217	1.06062		
_D:	218	1.06058		
_D:	219	1.06055		
_D:	220	1.06051		
_D:	221	1.06048		
_D:	222	1.06044		
_D:	223	1.06041		
_D:	224	1.06038		
_D:	225	1.06034		
_D:	226	1.06031		
_D:	227	1.06027		
_D:	228	1.06024		
_D:	229	1.06021		
_D:	230	1.06017		
_D:	231	1.06014		
_D:	232	1.06011		
_D:	233	1.06008		
_D:	234	1.06004		
_D:	235	1.06001		
_D:	236	1.05998		
_D:	237	1.05994		
_D:	238	1.05991		
_D:	239	1.05988		
_D:	240	1.05985		
_D:	241	1.05981		
_D:	242	1.05978		
_D:	243	1.05975		
_D:	244	1.05972		
_D:	245	1.05969		
_D:	246	1.05965		
_D:	247	1.05962		
_D:	248	1.05959		
_D:	249	1.05956		
_D:	250	1.05953		
_D:	251	1.0595		
_D:	252	1.05946		
_D:	253	1.05943		
_D:	254	1.0594		
_D:	255	1.05937		
_D:	256	1.05934		
_D:	257	1.05931		
_D:	258	1.05928		
_D:	259	1.05924		
_D:	260	1.05921		
_D:	261	1.05918		
_D:	262	1.05915		
_D:	263	1.05912		
_D:	264	1.05909		
_D:	265	1.05906		
_D:	266	1.05903		
_D:	267	1.059		
_D:	268	1.05897		
_D:	269	1.05894		
_D:	270	1.05891		
_D:	271	1.05887		
_D:	272	1.05884		
_D:	273	1.05881		
_D:	274	1.05878		
_D:	275	1.05875		
_D:	276	1.05872		
_D:	277	1.05869		
_D:	278	1.05866		
_D:	279	1.05863		
_D:	280	1.0586		
_D:	281	1.05857		
_D:	282	1.05854		
_D:	283	1.05851		
_D:	284	1.05848		
_D:	285	1.05845		
_D:	286	1.05842		
_D:	287	1.05839		
_D:	288	1.05836		
_D:	289	1.05833		
_D:	290	1.0583		
_D:	291	1.05827		
_D:	292	1.05823		
_D:	293	1.0582		
_D:	294	1.05817		
_D:	295	1.05814		
_D:	296	1.05811		
_D:	297	1.05808		
_D:	298	1.05805		
_D:	299	1.05802		
_D:	300	1.05799		
_D:	301	1.05796		
_D:	302	1.05793		
_D:	303	1.0579		
_D:	304	1.05787		
_D:	305	1.05784		
_D:	306	1.05781		
_D:	307	1.05777		
_D:	308	1.05774		
_D:	309	1.05771		
_D:	310	1.05768		
_D:	311	1.05765		
_D:	312	1.05762		
_D:	313	1.05759		
_D:	314	1.05756		
_D:	315	1.05752		
_D:	316	1.05749		
_D:	317	1.05746		
_D:	318	1.05743		
_D:	319	1.0574		
_D:	320	1.05737		
_D:	321	1.05733		
_D:	322	1.0573		
_D:	323	1.05727		
_D:	324	1.05724		
_D:	325	1.05721		
_D:	326	1.05717		
_D:	327	1.05714		
_D:	328	1.05711		
_D:	329	1.05708		
_D:	330	1.05704		
_D:	331	1.05701		
_D:	332	1.05698		
_D:	333	1.05695		
_D:	334	1.05691		
_D:	335	1.05688		
_D:	336	1.05685		
_D:	337	1.05681		
_D:	338	1.05678		
_D:	339	1.05674		
_D:	340	1.05671		
_D:	341	1.05668		
_D:	342	1.05664		
_D:	343	1.05661		
_D:	344	1.05657		
_D:	345	1.05654		
_D:	346	1.0565		
_D:	347	1.05647		
_D:	348	1.05643		
_D:	349	1.0564		
_D:	350	1.05636		
_D:	351	1.05633		
_D:	352	1.05629		
_D:	353	1.05625		
_D:	354	1.05622		
_D:	355	1.05618		
_D:	356	1.05614		
_D:	357	1.05611		
_D:	358	1.05607		
_D:	359	1.05603		
_D:	360	1.056		
_D:	361	1.05596		
_D:	362	1.05592		
_D:	363	1.05588		
_D:	364	1.05584		
_D:	365	1.0558		
_D:	366	1.05577		
_D:	367	1.05573		
_D:	368	1.05569		
_D:	369	1.05565		
_D:	370	1.05561		
_D:	371	1.05557		
_D:	372	1.05553		
_D:	373	1.05549		
_D:	374	1.05545		
_D:	375	1.0554		
_D:	376	1.05536		
_D:	377	1.05532		
_D:	378	1.05528		
_D:	379	1.05524		
_D:	380	1.05519		
_D:	381	1.05515		
_D:	382	1.05511		
_D:	383	1.05506		
_D:	384	1.05502		
_D:	385	1.05497		
_D:	386	1.05493		
_D:	387	1.05488		
_D:	388	1.05484		
_D:	389	1.05479		
_D:	390	1.05475		
_D:	391	1.0547		
_D:	392	1.05465		
_D:	393	1.05461		
_D:	394	1.05456		
_D:	395	1.05451		
_D:	396	1.05446		
_D:	397	1.05441		
_D:	398	1.05436		
_D:	399	1.05431		
_D:	400	1.05426		
_D:	401	1.05421		
_D:	402	1.05416		
_D:	403	1.05411		
_D:	404	1.05405		
_D:	405	1.054		
_D:	406	1.05395		
_D:	407	1.05389		
_D:	408	1.05384		
_D:	409	1.05379		
_D:	410	1.05373		
_D:	411	1.05367		
_D:	412	1.05362		
_D:	413	1.05356		
_D:	414	1.0535		
_D:	415	1.05345		
_D:	416	1.05339		
_D:	417	1.05333		
_D:	418	1.05327		
_D:	419	1.05321		
_D:	420	1.05315		
_D:	421	1.05308		
_D:	422	1.05302		
_D:	423	1.05296		
_D:	424	1.05289		
_D:	425	1.05283		
_D:	426	1.05276		
_D:	427	1.0527		
_D:	428	1.05263		
_D:	429	1.05256		
_D:	430	1.0525		
_D:	431	1.05243		
_D:	432	1.05236		
_D:	433	1.05229		
_D:	434	1.05222		
_D:	435	1.05214		
_D:	436	1.05207		
_D:	437	1.052		
_D:	438	1.05192		
_D:	439	1.05185		
_D:	440	1.05177		
_D:	441	1.05169		
_D:	442	1.05162		
_D:	443	1.05154		
_D:	444	1.05146		
_D:	445	1.05138		
_D:	446	1.05129		
_D:	447	1.05121		
_D:	448	1.05113		
_D:	449	1.05104		
_D:	450	1.05096		
_D:	451	1.05087		
_D:	452	1.05078		
_D:	453	1.05069		
_D:	454	1.0506		
_D:	455	1.05051		
_D:	456	1.05042		
_D:	457	1.05033		
_D:	458	1.05023		
_D:	459	1.05013		
_D:	460	1.05004		
_D:	461	1.04994		
_D:	462	1.04984		
_D:	463	1.04974		
_D:	464	1.04964		
_D:	465	1.04953		
_D:	466	1.04943		
_D:	467	1.04932		
_D:	468	1.04921		
_D:	469	1.0491		
_D:	470	1.04899		
_D:	471	1.04888		
_D:	472	1.04877		
_D:	473	1.04865		
_D:	474	1.04854		
_D:	475	1.04842		
_D:	476	1.0483		
_D:	477	1.04818		
_D:	478	1.04805		
_D:	479	1.04793		
_D:	480	1.0478		
_D:	481	1.04767		
_D:	482	1.04754		
_D:	483	1.04741		
_D:	484	1.04728		
_D:	485	1.04714		
_D:	486	1.04701		
_D:	487	1.04687		
_D:	488	1.04673		
_D:	489	1.04658		
_D:	490	1.04644		
_D:	491	1.04629		
_D:	492	1.04614		
_D:	493	1.04599		
_D:	494	1.04584		
_D:	495	1.04568		
_D:	496	1.04552		
_D:	497	1.04536		
_D:	498	1.0452		
_D:	499	1.04504		
_D:	500	1.04487		
_D:	501	1.0447		
_D:	502	1.04453		
_D:	503	1.04435		
_D:	504	1.04418		
_D:	505	1.044		
_D:	506	1.04382		
_D:	507	1.04363		
_D:	508	1.04345		
_D:	509	1.04326		
_D:	510	1.04306		
_D:	511	1.04287		
_D:	512	1.04267		
_D:	513	1.04247		
_D:	514	1.04227		
_D:	515	1.04206		
_D:	516	1.04185		
_D:	517	1.04164		
_D:	518	1.04142		
_D:	519	1.0412		
_D:	520	1.04098		
_D:	521	1.04075		
_D:	522	1.04053		
_D:	523	1.04029		
_D:	524	1.04006		
_D:	525	1.03982		
_D:	526	1.03958		
_D:	527	1.03933		
_D:	528	1.03908		
_D:	529	1.03883		
_D:	530	1.03857		
_D:	531	1.03831		
_D:	532	1.03805		
_D:	533	1.03778		
_D:	534	1.0375		
_D:	535	1.03723		
_D:	536	1.03695		
_D:	537	1.03666		
_D:	538	1.03637		
_D:	539	1.03608		
_D:	540	1.03578		
_D:	541	1.03548		
_D:	542	1.03517		
_D:	543	1.03486		
_D:	544	1.03455		
_D:	545	1.03423		
_D:	546	1.0339		
_D:	547	1.03357		
_D:	548	1.03324		
_D:	549	1.0329		
_D:	550	1.03255		
_D:	551	1.0322		
_D:	552	1.03185		
_D:	553	1.03149		
_D:	554	1.03112		
_D:	555	1.03075		
_D:	556	1.03037		
_D:	557	1.02999		
_D:	558	1.0296		
_D:	559	1.02921		
_D:	560	1.02881		
_D:	561	1.02841		
_D:	562	1.028		
_D:	563	1.02758		
_D:	564	1.02716		
_D:	565	1.02673		
_D:	566	1.02629		
_D:	567	1.02585		
_D:	568	1.0254		
_D:	569	1.02494		
_D:	570	1.02448		
_D:	571	1.02401		
_D:	572	1.02354		
_D:	573	1.02305		
_D:	574	1.02257		
_D:	575	1.02207		
_D:	576	1.02156		
_D:	577	1.02105		
_D:	578	1.02053		
_D:	579	1.02001		
_D:	580	1.01947		
_D:	581	1.01893		
_D:	582	1.01838		
_D:	583	1.01782		
_D:	584	1.01726		
_D:	585	1.01669		
_D:	586	1.0161		
_D:	587	1.01551		
_D:	588	1.01491		
_D:	589	1.01431		
_D:	590	1.01369		
_D:	591	1.01307		
_D:	592	1.01243		
_D:	593	1.01179		
_D:	594	1.01114		
_D:	595	1.01048		
_D:	596	1.00981		
_D:	597	1.00913		
_D:	598	1.00844		
_D:	599	1.00774		
_D:	600	1.00703		
_D:	601	1.00631		
_D:	602	1.00558		
_D:	603	1.00485		
_D:	604	1.0041		
_D:	605	1.00334		
_D:	606	1.00257		
_D:	607	1.00179		
_D:	608	1.001		
_D:	609	1.0002		
_D:	610	0.999388	
_D:	611	0.998565	
_D:	612	0.997732	
_D:	613	0.996888	
_D:	614	0.996033	
_D:	615	0.995167	
_D:	616	0.99429		
_D:	617	0.993401	
_D:	618	0.992501	
_D:	619	0.991589	
_D:	620	0.990666	
_D:	621	0.989731	
_D:	622	0.988785	
_D:	623	0.987827	
_D:	624	0.986857	
_D:	625	0.985875	
_D:	626	0.984882	
_D:	627	0.983877	
_D:	628	0.98286		
_D:	629	0.98183		
_D:	630	0.98079		
_D:	631	0.979737	
_D:	632	0.978672	
_D:	633	0.977595	
_D:	634	0.976506	
_D:	635	0.975405	
_D:	636	0.974293	
_D:	637	0.973168	
_D:	638	0.972032	
_D:	639	0.970883	
_D:	640	0.969723	
_D:	641	0.968552	
_D:	642	0.967368	
_D:	643	0.966174	
_D:	644	0.964967	
_D:	645	0.96375		
_D:	646	0.96252		
_D:	647	0.96128		
_D:	648	0.960029	
_D:	649	0.958767	
_D:	650	0.957494	
_D:	651	0.956211	
_D:	652	0.954916	
_D:	653	0.953612	
_D:	654	0.952298	
_D:	655	0.950973	
_D:	656	0.949639	
_D:	657	0.948295	
_D:	658	0.946942	
_D:	659	0.94558		
_D:	660	0.944209	
_D:	661	0.942829	
_D:	662	0.941441	
_D:	663	0.940045	
_D:	664	0.938641	
_D:	665	0.93723		
_D:	666	0.93581		
_D:	667	0.934384	
_D:	668	0.932952	
_D:	669	0.931513	
_D:	670	0.930067	
_D:	671	0.928616	
_D:	672	0.92716		
_D:	673	0.925698	
_D:	674	0.924231	
_D:	675	0.92276		
_D:	676	0.921285	
_D:	677	0.919806	
_D:	678	0.918323	
_D:	679	0.916838	
_D:	680	0.915349	
_D:	681	0.913859	
_D:	682	0.912366	
_D:	683	0.910871	
_D:	684	0.909376	
_D:	685	0.907879	
_D:	686	0.906381	
_D:	687	0.904884	
_D:	688	0.903386	
_D:	689	0.901889	
_D:	690	0.900393	
_D:	691	0.898897	
_D:	692	0.897403	
_D:	693	0.895912	
_D:	694	0.894422	
_D:	695	0.892935	
_D:	696	0.89145		
_D:	697	0.889969	
_D:	698	0.888491	
_D:	699	0.887017	
_D:	700	0.885548	
_D:	701	0.884082	
_D:	702	0.882621	
_D:	703	0.881166	
_D:	704	0.879715	
_D:	705	0.87827		
_D:	706	0.876831	
_D:	707	0.875398	
_D:	708	0.873971	
_D:	709	0.87255		
_D:	710	0.871137	
_D:	711	0.86973		
_D:	712	0.868331	
_D:	713	0.866939	
_D:	714	0.865555	
_D:	715	0.864179	
_D:	716	0.86281		
_D:	717	0.86145		
_D:	718	0.860098	
_D:	719	0.858755	
_D:	720	0.85742		
_D:	721	0.856094	
_D:	722	0.854777	
_D:	723	0.853469	
_D:	724	0.852171	
_D:	725	0.850881	
_D:	726	0.849602	
_D:	727	0.848331	
_D:	728	0.84707		
_D:	729	0.845819	
_D:	730	0.844577	
_D:	731	0.843346	
_D:	732	0.842124	
_D:	733	0.840912	
_D:	734	0.83971		
_D:	735	0.838518	
_D:	736	0.837336	
_D:	737	0.836164	
_D:	738	0.835002	
_D:	739	0.833851	
_D:	740	0.832709	
_D:	741	0.831578	
_D:	742	0.830456	
_D:	743	0.829345	
_D:	744	0.828243	
_D:	745	0.827152	
_D:	746	0.826071	
_D:	747	0.825		
_D:	748	0.823939	
_D:	749	0.822888	
_D:	750	0.821847	
_D:	751	0.820815	
_D:	752	0.819794	
_D:	753	0.818782	
_D:	754	0.81778		
_D:	755	0.816788	
_D:	756	0.815806	
_D:	757	0.814832	
_D:	758	0.813869	
_D:	759	0.812915	
_D:	760	0.811971	
_D:	761	0.811035	
_D:	762	0.810109	
_D:	763	0.809193	
_D:	764	0.808285	
_D:	765	0.807387	
_D:	766	0.806497	
_D:	767	0.805616	
_D:	768	0.804745	
_D:	769	0.803882	
_D:	770	0.803027	
_D:	771	0.802181	
_D:	772	0.801344	
_D:	773	0.800516	
_D:	774	0.799695	
_D:	775	0.798883	
_D:	776	0.798079	
_D:	777	0.797283	
_D:	778	0.796495	
_D:	779	0.795715	
_D:	780	0.794943	
_D:	781	0.794179	
_D:	782	0.793422	
_D:	783	0.792674	
_D:	784	0.791932	
_D:	785	0.791198	
_D:	786	0.790472	
_D:	787	0.789752	
_D:	788	0.78904		
_D:	789	0.788335	
_D:	790	0.787637	
_D:	791	0.786946	
_D:	792	0.786262	
_D:	793	0.785585	
_D:	794	0.784914	
_D:	795	0.78425		
_D:	796	0.783592	
_D:	797	0.782941	
_D:	798	0.782297	
_D:	799	0.781658	
_D:	800	0.781026	
_D:	801	0.7804		
_D:	802	0.77978		
_D:	803	0.779166	
_D:	804	0.778558	
_D:	805	0.777956	
_D:	806	0.77736		
_D:	807	0.776769	
_D:	808	0.776184	
_D:	809	0.775605	
_D:	810	0.775031	
_D:	811	0.774462	
_D:	812	0.773899	
_D:	813	0.773341	
_D:	814	0.772788	
_D:	815	0.772241	
_D:	816	0.771698	
_D:	817	0.771161	
_D:	818	0.770628	
_D:	819	0.770101	
_D:	820	0.769578	
_D:	821	0.76906		
_D:	822	0.768546	
_D:	823	0.768037	
_D:	824	0.767533	
_D:	825	0.767034	
_D:	826	0.766538	
_D:	827	0.766047	
_D:	828	0.765561	
_D:	829	0.765079	
_D:	830	0.764601	
_D:	831	0.764127	
_D:	832	0.763657	
_D:	833	0.763191	
_D:	834	0.762729	
_D:	835	0.762271	
_D:	836	0.761817	
_D:	837	0.761367	
_D:	838	0.760921	
_D:	839	0.760478	
_D:	840	0.760039	
_D:	841	0.759604	
_D:	842	0.759172	
_D:	843	0.758744	
_D:	844	0.758319	
_D:	845	0.757898	
_D:	846	0.75748		
_D:	847	0.757066	
_D:	848	0.756654	
_D:	849	0.756246	
_D:	850	0.755841	
_D:	851	0.75544		
_D:	852	0.755041	
_D:	853	0.754646	
_D:	854	0.754253	
_D:	855	0.753864	
_D:	856	0.753477	
_D:	857	0.753093	
_D:	858	0.752712	
_D:	859	0.752335	
_D:	860	0.751959	
_D:	861	0.751587	
_D:	862	0.751217	
_D:	863	0.75085		
_D:	864	0.750485	
_D:	865	0.750124	
_D:	866	0.749764	
_D:	867	0.749407	
_D:	868	0.749053	
_D:	869	0.748701	
_D:	870	0.748351	
_D:	871	0.748004	
_D:	872	0.74766		
_D:	873	0.747317	
_D:	874	0.746977	
_D:	875	0.746639	
_D:	876	0.746303	
_D:	877	0.745969	
_D:	878	0.745637	
_D:	879	0.745308	
_D:	880	0.74498		
_D:	881	0.744655	
_D:	882	0.744332	
_D:	883	0.74401		
_D:	884	0.743691	
_D:	885	0.743373	
_D:	886	0.743057	
_D:	887	0.742743	
_D:	888	0.742431	
_D:	889	0.742121	
_D:	890	0.741812	
_D:	891	0.741506	
_D:	892	0.741201	
_D:	893	0.740897	
_D:	894	0.740595	
_D:	895	0.740295	
_D:	896	0.739996	
_D:	897	0.739699	
_D:	898	0.739403	
_D:	899	0.739109	
_D:	900	0.738817	
_D:	901	0.738526	
_D:	902	0.738236	
_D:	903	0.737947	
_D:	904	0.73766		
_D:	905	0.737375	
_D:	906	0.73709		
_D:	907	0.736807	
_D:	908	0.736525	
_D:	909	0.736245	
_D:	910	0.735965	
_D:	911	0.735687	
_D:	912	0.73541		
_D:	913	0.735134	
_D:	914	0.734859	
_D:	915	0.734585	
_D:	916	0.734312	
_D:	917	0.73404		
_D:	918	0.73377		
_D:	919	0.7335		
_D:	920	0.733231	
_D:	921	0.732963	
_D:	922	0.732696	
_D:	923	0.73243		
_D:	924	0.732164	
_D:	925	0.7319		
_D:	926	0.731636	
_D:	927	0.731373	
_D:	928	0.73111		
_D:	929	0.730849	
_D:	930	0.730588	
_D:	931	0.730328	
_D:	932	0.730068	
_D:	933	0.729809	
_D:	934	0.729551	
_D:	935	0.729293	
_D:	936	0.729036	
_D:	937	0.728779	
_D:	938	0.728523	
_D:	939	0.728267	
_D:	940	0.728012	
_D:	941	0.727757	
_D:	942	0.727502	
_D:	943	0.727248	
_D:	944	0.726994	
_D:	945	0.72674		
_D:	946	0.726487	
_D:	947	0.726234	
_D:	948	0.725981	
_D:	949	0.725728	
_D:	950	0.725475	
_D:	951	0.725223	
_D:	952	0.724971	
_D:	953	0.724719	
_D:	954	0.724466	
_D:	955	0.724214	
_D:	956	0.723962	
_D:	957	0.72371		
_D:	958	0.723458	
_D:	959	0.723205	
_D:	960	0.722953	
_D:	961	0.7227		
_D:	962	0.722448	
_D:	963	0.722195	
_D:	964	0.721941	
_D:	965	0.721688	
_D:	966	0.721434	
_D:	967	0.72118		
_D:	968	0.720926	
_D:	969	0.720671	
_D:	970	0.720415	
_D:	971	0.72016		
_D:	972	0.719903	
_D:	973	0.719646	
_D:	974	0.719389	
_D:	975	0.719131	
_D:	976	0.718873	
_D:	977	0.718613	
_D:	978	0.718353	
_D:	979	0.718092	
_D:	980	0.717831	
_D:	981	0.717569	
_D:	982	0.717305	
_D:	983	0.717041	
_D:	984	0.716776	
_D:	985	0.71651		
_D:	986	0.716243	
_D:	987	0.715975	
_D:	988	0.715705	
_D:	989	0.715435	
_D:	990	0.715163	
_D:	991	0.71489		
_D:	992	0.714616	
_D:	993	0.714341	
_D:	994	0.714064	
_D:	995	0.713785	
_D:	996	0.713506	
_D:	997	0.713224	
_D:	998	0.712941	
_D:	999	0.712657	
_D:	1000	0.712371	
_D:	1001	0.712083	
_D:	1002	0.711793	
_D:	1003	0.711502	
_D:	1004	0.711208	
_D:	1005	0.710913	
_D:	1006	0.710615	
_D:	1007	0.710316	
_D:	1008	0.710014	
_D:	1009	0.70971		
_D:	1010	0.709404	
_D:	1011	0.709096	
_D:	1012	0.708785	
_D:	1013	0.708472	
_D:	1014	0.708156	
_D:	1015	0.707838	
_D:	1016	0.707517	
_D:	1017	0.707193	
_D:	1018	0.706867	
_D:	1019	0.706537	
_D:	1020	0.706205	
_D:	1021	0.705869	
_D:	1022	0.705531	
_D:	1023	0.705189	
_D:	1024	0.704845	
_D:	1025	0.704496	
_D:	1026	0.704145	
_D:	1027	0.703789	
_D:	1028	0.703431	
_D:	1029	0.703068	
_D:	1030	0.702702	
_D:	1031	0.702332	
_D:	1032	0.701958	
_D:	1033	0.70158		
_D:	1034	0.701198	
_D:	1035	0.700811	
_D:	1036	0.70042		
_D:	1037	0.700025	
_D:	1038	0.699625	
_D:	1039	0.699221	
_D:	1040	0.698812	
_D:	1041	0.698398	
_D:	1042	0.697978	
_D:	1043	0.697554	
_D:	1044	0.697125	
_D:	1045	0.69669		
_D:	1046	0.69625		
_D:	1047	0.695804	
_D:	1048	0.695353	
_D:	1049	0.694896	
_D:	1050	0.694433	
_D:	1051	0.693963	
_D:	1052	0.693488	
_D:	1053	0.693006	
_D:	1054	0.692518	
_D:	1055	0.692023	
_D:	1056	0.691522	
_D:	1057	0.691014	
_D:	1058	0.690499	
_D:	1059	0.689976	
_D:	1060	0.689447	
_D:	1061	0.688909	
_D:	1062	0.688365	
_D:	1063	0.687813	
_D:	1064	0.687252	
_D:	1065	0.686684	
_D:	1066	0.686108	
_D:	1067	0.685523	
_D:	1068	0.68493		
_D:	1069	0.684329	
_D:	1070	0.683718	
_D:	1071	0.683099	
_D:	1072	0.68247		
_D:	1073	0.681833	
_D:	1074	0.681185	
_D:	1075	0.680529	
_D:	1076	0.679862	
_D:	1077	0.679186	
_D:	1078	0.678499	
_D:	1079	0.677803	
_D:	1080	0.677096	
_D:	1081	0.676378	
_D:	1082	0.67565		
_D:	1083	0.67491		
_D:	1084	0.67416		
_D:	1085	0.673398	
_D:	1086	0.672625	
_D:	1087	0.67184		
_D:	1088	0.671043	
_D:	1089	0.670234	
_D:	1090	0.669413	
_D:	1091	0.668579	
_D:	1092	0.667733	
_D:	1093	0.666874	
_D:	1094	0.666002	
_D:	1095	0.665117	
_D:	1096	0.664218	
_D:	1097	0.663306	
_D:	1098	0.662379	
_D:	1099	0.661439	
_D:	1100	0.660484	
_D:	1101	0.659514	
_D:	1102	0.65853		
_D:	1103	0.657531	
_D:	1104	0.656516	
_D:	1105	0.655486	
_D:	1106	0.654439	
_D:	1107	0.653377	
_D:	1108	0.652298	
_D:	1109	0.651203	
_D:	1110	0.65009		
_D:	1111	0.64896		
_D:	1112	0.647812	
_D:	1113	0.646647	
_D:	1114	0.645463	
_D:	1115	0.64426		
_D:	1116	0.643039	
_D:	1117	0.641797	
_D:	1118	0.640537	
_D:	1119	0.639256	
_D:	1120	0.637954	
_D:	1121	0.636632	
_D:	1122	0.635288	
_D:	1123	0.633922	
_D:	1124	0.632535	
_D:	1125	0.631124	
_D:	1126	0.629691	
_D:	1127	0.628233	
_D:	1128	0.626752	
_D:	1129	0.625247	
_D:	1130	0.623716	
_D:	1131	0.622159	
_D:	1132	0.620577	
_D:	1133	0.618968	
_D:	1134	0.617332	
_D:	1135	0.615669	
_D:	1136	0.613978	
_D:	1137	0.612257	
_D:	1138	0.610508	
_D:	1139	0.608729	
_D:	1140	0.60692		
_D:	1141	0.60508		
_D:	1142	0.603209	
_D:	1143	0.601306	
_D:	1144	0.59937		
_D:	1145	0.597402	
_D:	1146	0.5954		
_D:	1147	0.593364	
_D:	1148	0.591294	
_D:	1149	0.589189	
_D:	1150	0.587048	
_D:	1151	0.584872	
_D:	1152	0.582659	
_D:	1153	0.580409	
_D:	1154	0.578122	
_D:	1155	0.575797	
_D:	1156	0.573434	
_D:	1157	0.571033	
_D:	1158	0.568593	
_D:	1159	0.566114	
_D:	1160	0.563595	
_D:	1161	0.561037	
_D:	1162	0.558439	
_D:	1163	0.5558		
_D:	1164	0.553122	
_D:	1165	0.550402	
_D:	1166	0.547643	
_D:	1167	0.544842	
_D:	1168	0.542002	
_D:	1169	0.53912		
_D:	1170	0.536198	
_D:	1171	0.533235	
_D:	1172	0.530232	
_D:	1173	0.527189	
_D:	1174	0.524106	
_D:	1175	0.520984	
_D:	1176	0.517822	
_D:	1177	0.514621	
_D:	1178	0.511381	
_D:	1179	0.508103	
_D:	1180	0.504788	
_D:	1181	0.501436	
_D:	1182	0.498047	
_D:	1183	0.494622	
_D:	1184	0.491163	
_D:	1185	0.487668	
_D:	1186	0.48414		
_D:	1187	0.48058		
_D:	1188	0.476987	
_D:	1189	0.473363	
_D:	1190	0.46971		
_D:	1191	0.466027	
_D:	1192	0.462316	
_D:	1193	0.458578	
_D:	1194	0.454815	
_D:	1195	0.451027	
_D:	1196	0.447215	
_D:	1197	0.443381	
_D:	1198	0.439526	
_D:	1199	0.435651	
_D:	1200	0.431759	
_D:	1201	0.427849	
_D:	1202	0.423923	
_D:	1203	0.419984	
_D:	1204	0.416031	
_D:	1205	0.412068	
_D:	1206	0.408095	
_D:	1207	0.404113	
_D:	1208	0.400125	
_D:	1209	0.396131	
_D:	1210	0.392134	
_D:	1211	0.388135	
_D:	1212	0.384135	
_D:	1213	0.380137	
_D:	1214	0.37614		
_D:	1215	0.372148	
_D:	1216	0.368162	
_D:	1217	0.364183	
_D:	1218	0.360212	
_D:	1219	0.356252	
_D:	1220	0.352303	
_D:	1221	0.348368	
_D:	1222	0.344447	
_D:	1223	0.340542	
_D:	1224	0.336655	
_D:	1225	0.332786	
_D:	1226	0.328938	
_D:	1227	0.32511		
_D:	1228	0.321306	
_D:	1229	0.317525	
_D:	1230	0.313769	
_D:	1231	0.310039	
_D:	1232	0.306336	
_D:	1233	0.302662	
_D:	1234	0.299016	
_D:	1235	0.295401	
_D:	1236	0.291817	
_D:	1237	0.288264	
_D:	1238	0.284744	
_D:	1239	0.281257	
_D:	1240	0.277805	
_D:	1241	0.274386	
_D:	1242	0.271003	
_D:	1243	0.267656	
_D:	1244	0.264345	
_D:	1245	0.261071	
_D:	1246	0.257833	
_D:	1247	0.254633	
_D:	1248	0.251471	
_D:	1249	0.248347	
_D:	1250	0.24526		
_D:	1251	0.242213	
_D:	1252	0.239203	
_D:	1253	0.236232	
_D:	1254	0.2333		
_D:	1255	0.230406	
_D:	1256	0.227551	
_D:	1257	0.224734	
_D:	1258	0.221957	
_D:	1259	0.219217	
_D:	1260	0.216515	
_D:	1261	0.213852	
_D:	1262	0.211227	
_D:	1263	0.208639	
_D:	1264	0.206089	
_D:	1265	0.203575	
_D:	1266	0.201099	
_D:	1267	0.19866		
_D:	1268	0.196256	
_D:	1269	0.193889	
_D:	1270	0.191557	
_D:	1271	0.189261	
_D:	1272	0.186999	
_D:	1273	0.184773	
_D:	1274	0.18258		
_D:	1275	0.180421	
_D:	1276	0.178295	
_D:	1277	0.176202	
_D:	1278	0.174142	
_D:	1279	0.172114	
_D:	1280	0.170118	
_D:	1281	0.168153	
_D:	1282	0.166218	
_D:	1283	0.164315	
_D:	1284	0.162441	
_D:	1285	0.160596	
_D:	1286	0.158781	
_D:	1287	0.156994	
_D:	1288	0.155236	
_D:	1289	0.153505	
_D:	1290	0.151801	
_D:	1291	0.150125	
_D:	1292	0.148475	
_D:	1293	0.146851	
_D:	1294	0.145253	
_D:	1295	0.143679	
_D:	1296	0.142131	
_D:	1297	0.140607	
_D:	1298	0.139107	
_D:	1299	0.137631	
_D:	1300	0.136177	
_D:	1301	0.134747	
_D:	1302	0.133338	
_D:	1303	0.131952	
_D:	1304	0.130587	
_D:	1305	0.129244	
_D:	1306	0.127921	
_D:	1307	0.126619	
_D:	1308	0.125337	
_D:	1309	0.124075	
_D:	1310	0.122832	
_D:	1311	0.121608	
_D:	1312	0.120403	
_D:	1313	0.119217	
_D:	1314	0.118048	
_D:	1315	0.116897	
_D:	1316	0.115764	
_D:	1317	0.114647	
_D:	1318	0.113548	
_D:	1319	0.112465	
_D:	1320	0.111398	
_D:	1321	0.110347	
_D:	1322	0.109312	
_D:	1323	0.108292	
_D:	1324	0.107287	
_D:	1325	0.106297	
_D:	1326	0.105321	
_D:	1327	0.10436		
_D:	1328	0.103413	
_D:	1329	0.102479	
_D:	1330	0.101559	
_D:	1331	0.100652	
_D:	1332	0.0997585	
_D:	1333	0.0988775	
_D:	1334	0.0980091	
_D:	1335	0.0971531	
_D:	1336	0.0963091	
_D:	1337	0.095477	
_D:	1338	0.0946567	
_D:	1339	0.0938478	
_D:	1340	0.0930502	
_D:	1341	0.0922637	
_D:	1342	0.0914881	
_D:	1343	0.0907232	
_D:	1344	0.0899687	
_D:	1345	0.0892246	
_D:	1346	0.0884906	
_D:	1347	0.0877666	
_D:	1348	0.0870523	
_D:	1349	0.0863477	
_D:	1350	0.0856525	
_D:	1351	0.0849667	
_D:	1352	0.0842899	
_D:	1353	0.0836221	
_D:	1354	0.0829631	
_D:	1355	0.0823128	
_D:	1356	0.0816709	
_D:	1357	0.0810375	
_D:	1358	0.0804122	
_D:	1359	0.0797951	
_D:	1360	0.0791859	
_D:	1361	0.0785845	
_D:	1362	0.0779909	
_D:	1363	0.0774047	
_D:	1364	0.076826	
_D:	1365	0.0762546	
_D:	1366	0.0756903	
_D:	1367	0.0751332	
_D:	1368	0.0745829	
_D:	1369	0.0740395	
_D:	1370	0.0735028	
_D:	1371	0.0729728	
_D:	1372	0.0724492	
_D:	1373	0.071932	
_D:	1374	0.0714211	
_D:	1375	0.0709164	
_D:	1376	0.0704178	
_D:	1377	0.0699252	
_D:	1378	0.0694384	
_D:	1379	0.0689575	
_D:	1380	0.0684823	
_D:	1381	0.0680126	
_D:	1382	0.0675485	
_D:	1383	0.0670899	
_D:	1384	0.0666366	
_D:	1385	0.0661886	
_D:	1386	0.0657457	
_D:	1387	0.065308	
_D:	1388	0.0648752	
_D:	1389	0.0644474	
_D:	1390	0.0640245	
_D:	1391	0.0636064	
_D:	1392	0.0631931	
_D:	1393	0.0627843	
_D:	1394	0.0623802	
_D:	1395	0.0619805	
_D:	1396	0.0615853	
_D:	1397	0.0611945	
_D:	1398	0.060808	
_D:	1399	0.0604257	
_D:	1400	0.0600476	
_D:	1401	0.0596736	
_D:	1402	0.0593037	
_D:	1403	0.0589377	
_D:	1404	0.0585758	
_D:	1405	0.0582177	
_D:	1406	0.0578634	
_D:	1407	0.0575129	
_D:	1408	0.0571661	
_D:	1409	0.0568229	
_D:	1410	0.0564834	
_D:	1411	0.0561474	
_D:	1412	0.0558149	
_D:	1413	0.0554859	
_D:	1414	0.0551603	
_D:	1415	0.054838	
_D:	1416	0.0545191	
_D:	1417	0.0542034	
_D:	1418	0.0538909	
_D:	1419	0.0535816	
_D:	1420	0.0532754	
_D:	1421	0.0529723	
_D:	1422	0.0526723	
_D:	1423	0.0523752	
_D:	1424	0.0520811	
_D:	1425	0.0517899	
_D:	1426	0.0515016	
_D:	1427	0.0512161	
_D:	1428	0.0509335	
_D:	1429	0.0506536	
_D:	1430	0.0503764	
_D:	1431	0.0501019	
_D:	1432	0.04983		
_D:	1433	0.0495608	
_D:	1434	0.0492941	
_D:	1435	0.04903		
_D:	1436	0.0487684	
_D:	1437	0.0485092	
_D:	1438	0.0482526	
_D:	1439	0.0479983	
_D:	1440	0.0477464	
_D:	1441	0.0474969	
_D:	1442	0.0472497	
_D:	1443	0.0470048	
_D:	1444	0.0467621	
_D:	1445	0.0465217	
_D:	1446	0.0462835	
_D:	1447	0.0460474	
_D:	1448	0.0458135	
_D:	1449	0.0455818	
_D:	1450	0.0453521	
_D:	1451	0.0451245	
_D:	1452	0.0448989	
_D:	1453	0.0446754	
_D:	1454	0.0444538	
_D:	1455	0.0442342	
_D:	1456	0.0440166	
_D:	1457	0.0438008	
_D:	1458	0.043587	
_D:	1459	0.043375	
_D:	1460	0.0431649	
_D:	1461	0.0429566	
_D:	1462	0.0427501	
_D:	1463	0.0425454	
_D:	1464	0.0423425	
_D:	1465	0.0421413	
_D:	1466	0.0419418	
_D:	1467	0.041744	
_D:	1468	0.0415479	
_D:	1469	0.0413534	
_D:	1470	0.0411606	
_D:	1471	0.0409694	
_D:	1472	0.0407798	
_D:	1473	0.0405917	
_D:	1474	0.0404053	
_D:	1475	0.0402204	
_D:	1476	0.0400369	
_D:	1477	0.0398551	
